<?xml version="1.0" encoding="UTF-8"?>
<testsuite xmlns:xsi="http://www.w3.org/2001/XMLSchema-instance" xsi:noNamespaceSchemaLocation="https://maven.apache.org/surefire/maven-surefire-plugin/xsd/surefire-test-report.xsd" version="3.0.2" name="com.open_hit_game.app.lobby.LobbyControllerTest" time="5.193" tests="1" errors="0" skipped="0" failures="0">
  <properties>
[...]
</properties>
  <testcase name="shouldCreateLobby" classname="com.open_hit_game.app.lobby.LobbyControllerTest" time="0.536">
    <system-out><![CDATA[19:58:18.285 [main] INFO org.springframework.test.context.support.AnnotationConfigContextLoaderUtils -- Could not detect default configuration classes for test class [com.open_hit_game.app.lobby.LobbyControllerTest]: LobbyControllerTest does not declare any static, non-private, non-final, nested classes annotated with @Configuration.
19:58:18.580 [main] INFO org.springframework.boot.test.context.SpringBootTestContextBootstrapper -- Found @SpringBootConfiguration com.open_hit_game.app.OpenHitGameApplication for test class com.open_hit_game.app.lobby.LobbyControllerTest
19:58:18.761 [main] INFO org.springframework.boot.devtools.restart.RestartApplicationListener -- Restart disabled due to context in which it is running

  .   ____          _            __ _ _
 /\\ / ___'_ __ _ _(_)_ __  __ _ \ \ \ \
( ( )\___ | '_ | '_| | '_ \/ _` | \ \ \ \
 \\/  ___)| |_)| | | | | || (_| |  ) ) ) )
  '  |____| .__|_| |_|_| |_\__, | / / / /
 =========|_|==============|___/=/_/_/_/

 :: Spring Boot ::                (v3.4.6)

2026-05-18T19:58:19.375Z  INFO 59 --- [OpenHitGame] [           main] c.o.app.lobby.LobbyControllerTest        : Starting LobbyControllerTest using Java 21.0.10 with PID 59 (started by root in /home/spring)
2026-05-18T19:58:19.377Z  INFO 59 --- [OpenHitGame] [           main] c.o.app.lobby.LobbyControllerTest        : No active profile set, falling back to 1 default profile: "default"
2026-05-18T19:58:21.985Z  INFO 59 --- [OpenHitGame] [           main] o.s.v.b.OptionalValidatorFactoryBean     : Failed to set up a Bean Validation provider: jakarta.validation.NoProviderFoundException: Unable to create a Configuration, because no Jakarta Bean Validation provider could be found. Add a provider like Hibernate Validator (RI) to your classpath.
2026-05-18T19:58:22.589Z  INFO 59 --- [OpenHitGame] [           main] o.s.b.t.m.w.SpringBootMockServletContext : Initializing Spring TestDispatcherServlet ''
2026-05-18T19:58:22.590Z  INFO 59 --- [OpenHitGame] [           main] o.s.t.web.servlet.TestDispatcherServlet  : Initializing Servlet ''
2026-05-18T19:58:22.596Z  INFO 59 --- [OpenHitGame] [           main] o.s.t.web.servlet.TestDispatcherServlet  : Completed initialization in 3 ms
2026-05-18T19:58:22.658Z  INFO 59 --- [OpenHitGame] [           main] c.o.app.lobby.LobbyControllerTest        : Started LobbyControllerTest in 3.927 seconds (process running for 5.55)
]]></system-out>
    <system-err><![CDATA[Mockito is currently self-attaching to enable the inline-mock-maker. This will no longer work in future releases of the JDK. Please add Mockito as an agent to your build what is described in Mockito's documentation: https://javadoc.io/doc/org.mockito/mockito-core/latest/org/mockito/Mockito.html#0.3
WARNING: A Java agent has been loaded dynamically (/root/.m2/repository/net/bytebuddy/byte-buddy-agent/1.15.11/byte-buddy-agent-1.15.11.jar)
WARNING: If a serviceability tool is in use, please run with -XX:+EnableDynamicAgentLoading to hide this warning
WARNING: If a serviceability tool is not in use, please run with -Djdk.instrument.traceUsage for more information
WARNING: Dynamic loading of agents will be disallowed by default in a future release
]]></system-err>
  </testcase>
</testsuite>